<?xml version="1.0" encoding="UTF-8"?>
<testng-results ignored="0" total="1" passed="1" failed="0" skipped="0">
  <reporter-output>
  </reporter-output>
  <suite started-at="2021-10-11T08:41:30 IST" name="Default suite" finished-at="2021-10-11T08:41:43 IST" duration-ms="12527">
    <groups>
    </groups>
    <test started-at="2021-10-11T08:41:30 IST" name="Default test" finished-at="2021-10-11T08:41:43 IST" duration-ms="12527">
      <class name="testcases.TC03_ChannelNewsAsia_SingaporeWeather">
        <test-method is-config="true" signature="startup()[pri:0, instance:testcases.TC03_ChannelNewsAsia_SingaporeWeather@56cdfb3b]" started-at="2021-10-11T08:41:30 IST" name="startup" finished-at="2021-10-11T08:41:30 IST" duration-ms="83" status="PASS">
          <reporter-output>
          </reporter-output>
        </test-method> <!-- startup -->
        <test-method is-config="true" signature="launchBrowser()[pri:0, instance:testcases.TC03_ChannelNewsAsia_SingaporeWeather@56cdfb3b]" started-at="2021-10-11T08:41:30 IST" name="launchBrowser" finished-at="2021-10-11T08:41:38 IST" duration-ms="7293" status="PASS">
          <reporter-output>
          </reporter-output>
        </test-method> <!-- launchBrowser -->
        <test-method signature="test_channelNewsAsia()[pri:0, instance:testcases.TC03_ChannelNewsAsia_SingaporeWeather@56cdfb3b]" started-at="2021-10-11T08:41:38 IST" name="test_channelNewsAsia" finished-at="2021-10-11T08:41:43 IST" duration-ms="4978" status="PASS">
          <reporter-output>
          </reporter-output>
        </test-method> <!-- test_channelNewsAsia -->
        <test-method is-config="true" signature="tearDown()[pri:0, instance:testcases.TC03_ChannelNewsAsia_SingaporeWeather@56cdfb3b]" started-at="2021-10-11T08:41:43 IST" name="tearDown" finished-at="2021-10-11T08:41:43 IST" duration-ms="148" status="PASS">
          <reporter-output>
          </reporter-output>
        </test-method> <!-- tearDown -->
      </class> <!-- testcases.TC03_ChannelNewsAsia_SingaporeWeather -->
    </test> <!-- Default test -->
  </suite> <!-- Default suite -->
</testng-results>
